[INFO] Scanning for projects...
[INFO] 
[INFO] -------------------------< com.company:portal >-------------------------
[INFO] Building Company Portal System 1.0.0
[INFO]   from pom.xml
[INFO] --------------------------------[ jar ]---------------------------------
[INFO] 
[INFO] >>> spring-boot:3.1.5:run (default-cli) > test-compile @ portal >>>
[INFO] 
[INFO] --- resources:3.3.1:resources (default-resources) @ portal ---
[INFO] Copying 1 resource from src/main/resources to target/classes
[INFO] Copying 2 resources from src/main/resources to target/classes
[INFO] 
[INFO] --- compiler:3.11.0:compile (default-compile) @ portal ---
[INFO] Nothing to compile - all classes are up to date
[INFO] 
[INFO] --- resources:3.3.1:testResources (default-testResources) @ portal ---
[INFO] skip non existing resourceDirectory /home/aurakim/workspace/workplacePortal/src/test/resources
[INFO] 
[INFO] --- compiler:3.11.0:testCompile (default-testCompile) @ portal ---
[INFO] No sources to compile
[INFO] 
[INFO] <<< spring-boot:3.1.5:run (default-cli) < test-compile @ portal <<<
[INFO] 
[INFO] 
[INFO] --- spring-boot:3.1.5:run (default-cli) @ portal ---
[INFO] Attaching agents: []

  .   ____          _            __ _ _
 /\\ / ___'_ __ _ _(_)_ __  __ _ \ \ \ \
( ( )\___ | '_ | '_| | '_ \/ _` | \ \ \ \
 \\/  ___)| |_)| | | | | || (_| |  ) ) ) )
  '  |____| .__|_| |_|_| |_\__, | / / / /
 =========|_|==============|___/=/_/_/_/
 :: Spring Boot ::                (v3.1.5)

2026-06-27T21:19:37.562+09:00  INFO 37751 --- [           main] c.c.portal.CompanyPortalApplication      : Starting CompanyPortalApplication using Java 25.0.2 with PID 37751 (/home/aurakim/workspace/workplacePortal/target/classes started by aurakim in /home/aurakim/workspace/workplacePortal)
2026-06-27T21:19:37.569+09:00 DEBUG 37751 --- [           main] c.c.portal.CompanyPortalApplication      : Running with Spring Boot v3.1.5, Spring v6.0.13
2026-06-27T21:19:37.572+09:00  INFO 37751 --- [           main] c.c.portal.CompanyPortalApplication      : The following 1 profile is active: "dev"
2026-06-27T21:19:38.637+09:00  INFO 37751 --- [           main] .s.d.r.c.RepositoryConfigurationDelegate : Bootstrapping Spring Data JPA repositories in DEFAULT mode.
2026-06-27T21:19:38.725+09:00  INFO 37751 --- [           main] .s.d.r.c.RepositoryConfigurationDelegate : Finished Spring Data repository scanning in 77 ms. Found 3 JPA repository interfaces.
2026-06-27T21:19:38.729+09:00  INFO 37751 --- [           main] .s.d.r.c.RepositoryConfigurationDelegate : Bootstrapping Spring Data JPA repositories in DEFAULT mode.
2026-06-27T21:19:38.738+09:00  INFO 37751 --- [           main] .s.d.r.c.RepositoryConfigurationDelegate : Finished Spring Data repository scanning in 8 ms. Found 1 JPA repository interfaces.
WARNING: A restricted method in java.lang.System has been called
WARNING: java.lang.System::load has been called by org.apache.tomcat.jni.Library in an unnamed module (file:/home/aurakim/.m2/repository/org/apache/tomcat/embed/tomcat-embed-core/10.1.15/tomcat-embed-core-10.1.15.jar)
WARNING: Use --enable-native-access=ALL-UNNAMED to avoid a warning for callers in this module
WARNING: Restricted methods will be blocked in a future release unless native access is enabled

2026-06-27T21:19:39.957+09:00  INFO 37751 --- [           main] o.s.b.w.embedded.tomcat.TomcatWebServer  : Tomcat initialized with port(s): 8080 (http)
2026-06-27T21:19:39.969+09:00  INFO 37751 --- [           main] o.apache.catalina.core.StandardService   : Starting service [Tomcat]
2026-06-27T21:19:39.970+09:00  INFO 37751 --- [           main] o.apache.catalina.core.StandardEngine    : Starting Servlet engine: [Apache Tomcat/10.1.15]
2026-06-27T21:19:40.080+09:00  INFO 37751 --- [           main] o.a.c.c.C.[Tomcat].[localhost].[/]       : Initializing Spring embedded WebApplicationContext
2026-06-27T21:19:40.081+09:00  INFO 37751 --- [           main] w.s.c.ServletWebServerApplicationContext : Root WebApplicationContext: initialization completed in 2296 ms
2026-06-27T21:19:40.177+09:00  INFO 37751 --- [           main] com.zaxxer.hikari.HikariDataSource       : HikariPool-1 - Starting...
2026-06-27T21:19:40.455+09:00  INFO 37751 --- [           main] com.zaxxer.hikari.pool.HikariPool        : HikariPool-1 - Added connection conn0: url=jdbc:h2:mem:testdb user=SA
2026-06-27T21:19:40.458+09:00  INFO 37751 --- [           main] com.zaxxer.hikari.HikariDataSource       : HikariPool-1 - Start completed.
2026-06-27T21:19:40.477+09:00  INFO 37751 --- [           main] com.zaxxer.hikari.HikariDataSource       : HikariPool-2 - Starting...
2026-06-27T21:19:40.480+09:00  INFO 37751 --- [           main] com.zaxxer.hikari.pool.HikariPool        : HikariPool-2 - Added connection conn1: url=jdbc:h2:mem:mysqldb user=SA
2026-06-27T21:19:40.481+09:00  INFO 37751 --- [           main] com.zaxxer.hikari.HikariDataSource       : HikariPool-2 - Start completed.
2026-06-27T21:19:40.481+09:00  INFO 37751 --- [           main] o.s.b.a.h2.H2ConsoleAutoConfiguration    : H2 console available at '/h2-console'. Databases available at 'jdbc:h2:mem:testdb', 'jdbc:h2:mem:mysqldb'
2026-06-27T21:19:40.770+09:00  INFO 37751 --- [           main] o.hibernate.jpa.internal.util.LogHelper  : HHH000204: Processing PersistenceUnitInfo [name: h2]
2026-06-27T21:19:40.863+09:00  INFO 37751 --- [           main] org.hibernate.Version                    : HHH000412: Hibernate ORM core version 6.2.13.Final
2026-06-27T21:19:40.867+09:00  INFO 37751 --- [           main] org.hibernate.cfg.Environment            : HHH000406: Using bytecode reflection optimizer
2026-06-27T21:19:41.334+09:00  INFO 37751 --- [           main] o.s.o.j.p.SpringPersistenceUnitInfo      : No LoadTimeWeaver setup: ignoring JPA class transformer
2026-06-27T21:19:42.655+09:00  INFO 37751 --- [           main] o.h.e.t.j.p.i.JtaPlatformInitiator       : HHH000489: No JTA platform available (set 'hibernate.transaction.jta.platform' to enable JTA platform integration)
2026-06-27T21:19:42.747+09:00  INFO 37751 --- [           main] j.LocalContainerEntityManagerFactoryBean : Initialized JPA EntityManagerFactory for persistence unit 'h2'
2026-06-27T21:19:42.762+09:00  INFO 37751 --- [           main] o.hibernate.jpa.internal.util.LogHelper  : HHH000204: Processing PersistenceUnitInfo [name: mysql]
2026-06-27T21:19:42.787+09:00  INFO 37751 --- [           main] o.s.o.j.p.SpringPersistenceUnitInfo      : No LoadTimeWeaver setup: ignoring JPA class transformer
2026-06-27T21:19:42.856+09:00  INFO 37751 --- [           main] o.h.e.t.j.p.i.JtaPlatformInitiator       : HHH000489: No JTA platform available (set 'hibernate.transaction.jta.platform' to enable JTA platform integration)
2026-06-27T21:19:42.907+09:00  INFO 37751 --- [           main] j.LocalContainerEntityManagerFactoryBean : Initialized JPA EntityManagerFactory for persistence unit 'mysql'
2026-06-27T21:19:43.503+09:00  INFO 37751 --- [           main] o.s.d.j.r.query.QueryEnhancerFactory     : Hibernate is in classpath; If applicable, HQL parser will be used.
2026-06-27T21:19:43.710+09:00  WARN 37751 --- [           main] JpaBaseConfiguration$JpaWebConfiguration : spring.jpa.open-in-view is enabled by default. Therefore, database queries may be performed during view rendering. Explicitly configure spring.jpa.open-in-view to disable this warning
2026-06-27T21:19:43.884+09:00  INFO 37751 --- [           main] o.s.s.web.DefaultSecurityFilterChain     : Will secure any request with [org.springframework.security.web.session.DisableEncodeUrlFilter@7f09ff10, org.springframework.security.web.context.request.async.WebAsyncManagerIntegrationFilter@531b1778, org.springframework.security.web.context.SecurityContextHolderFilter@47400608, org.springframework.security.web.header.HeaderWriterFilter@238a7e3d, org.springframework.security.web.authentication.logout.LogoutFilter@7cb38a6a, org.springframework.security.web.authentication.UsernamePasswordAuthenticationFilter@66576bd2, org.springframework.security.web.savedrequest.RequestCacheAwareFilter@67aaf882, org.springframework.security.web.servletapi.SecurityContextHolderAwareRequestFilter@71ac5723, org.springframework.security.web.authentication.AnonymousAuthenticationFilter@ecfff32, org.springframework.security.web.access.ExceptionTranslationFilter@30a4a111, org.springframework.security.web.access.intercept.AuthorizationFilter@a74c940]
2026-06-27T21:19:44.361+09:00  INFO 37751 --- [           main] o.s.b.w.embedded.tomcat.TomcatWebServer  : Tomcat started on port(s): 8080 (http) with context path ''
2026-06-27T21:19:44.372+09:00  INFO 37751 --- [           main] c.c.portal.CompanyPortalApplication      : Started CompanyPortalApplication in 7.685 seconds (process running for 9.052)
2026-06-27T21:19:47.822+09:00  INFO 37751 --- [nio-8080-exec-1] o.a.c.c.C.[Tomcat].[localhost].[/]       : Initializing Spring DispatcherServlet 'dispatcherServlet'
2026-06-27T21:19:47.823+09:00  INFO 37751 --- [nio-8080-exec-1] o.s.web.servlet.DispatcherServlet        : Initializing Servlet 'dispatcherServlet'
2026-06-27T21:19:47.826+09:00  INFO 37751 --- [nio-8080-exec-1] o.s.web.servlet.DispatcherServlet        : Completed initialization in 3 ms
